2025-08-16T00:00:17.017+05:30  INFO 15412 --- [DOCTOR-SERVICE] [AsyncResolver-bootstrap-executor-%d] [                                                 ] c.n.d.s.r.aws.ConfigClusterResolver      : Resolving eureka endpoints via configuration
2025-08-16T00:05:17.078+05:30  INFO 15412 --- [DOCTOR-SERVICE] [AsyncResolver-bootstrap-executor-%d] [                                                 ] c.n.d.s.r.aws.ConfigClusterResolver      : Resolving eureka endpoints via configuration
2025-08-16T00:10:17.090+05:30  INFO 15412 --- [DOCTOR-SERVICE] [AsyncResolver-bootstrap-executor-%d] [                                                 ] c.n.d.s.r.aws.ConfigClusterResolver      : Resolving eureka endpoints via configuration
2025-08-16T00:10:52.000+05:30  INFO 15412 --- [DOCTOR-SERVICE] [File Watcher] [                                                 ] rtingClassPathChangeChangedEventListener : Restarting due to 4 class path changes (0 additions, 0 deletions, 4 modifications)
2025-08-16T00:10:52.128+05:30  INFO 15412 --- [DOCTOR-SERVICE] [Thread-1] [                                                 ] o.s.c.n.e.s.EurekaServiceRegistry        : Unregistering application DOCTOR-SERVICE with eureka with status DOWN
2025-08-16T00:10:52.134+05:30  INFO 15412 --- [DOCTOR-SERVICE] [Thread-1] [                                                 ] com.netflix.discovery.DiscoveryClient    : Saw local status change event StatusChangeEvent [timestamp=1755283252133, current=DOWN, previous=UP]
2025-08-16T00:10:52.144+05:30  INFO 15412 --- [DOCTOR-SERVICE] [DiscoveryClient-InstanceInfoReplicator-%d] [                                                 ] com.netflix.discovery.DiscoveryClient    : DiscoveryClient_DOCTOR-SERVICE/KarthikPc:DOCTOR-SERVICE:8089: registering service...
2025-08-16T00:10:52.315+05:30  INFO 15412 --- [DOCTOR-SERVICE] [DiscoveryClient-InstanceInfoReplicator-%d] [                                                 ] com.netflix.discovery.DiscoveryClient    : DiscoveryClient_DOCTOR-SERVICE/KarthikPc:DOCTOR-SERVICE:8089 - registration status: 204
2025-08-16T00:10:52.573+05:30  INFO 15412 --- [DOCTOR-SERVICE] [Thread-1] [                                                 ] o.s.b.w.e.tomcat.GracefulShutdown        : Commencing graceful shutdown. Waiting for active requests to complete
2025-08-16T00:10:52.716+05:30  INFO 15412 --- [DOCTOR-SERVICE] [tomcat-shutdown] [                                                 ] o.s.b.w.e.tomcat.GracefulShutdown        : Graceful shutdown complete
2025-08-16T00:10:52.997+05:30  INFO 15412 --- [DOCTOR-SERVICE] [Thread-1] [                                                 ] j.LocalContainerEntityManagerFactoryBean : Closing JPA EntityManagerFactory for persistence unit 'default'
2025-08-16T00:10:53.227+05:30  INFO 15412 --- [DOCTOR-SERVICE] [Thread-1] [                                                 ] com.zaxxer.hikari.HikariDataSource       : HikariPool-1 - Shutdown initiated...
2025-08-16T00:10:53.297+05:30  INFO 15412 --- [DOCTOR-SERVICE] [Thread-1] [                                                 ] com.zaxxer.hikari.HikariDataSource       : HikariPool-1 - Shutdown completed.
2025-08-16T00:10:53.797+05:30  INFO 15412 --- [DOCTOR-SERVICE] [Thread-1] [                                                 ] com.netflix.discovery.DiscoveryClient    : Shutting down DiscoveryClient ...
2025-08-16T00:10:56.818+05:30  INFO 15412 --- [DOCTOR-SERVICE] [Thread-1] [                                                 ] com.netflix.discovery.DiscoveryClient    : Unregistering ...
2025-08-16T00:10:56.966+05:30  INFO 15412 --- [DOCTOR-SERVICE] [Thread-1] [                                                 ] com.netflix.discovery.DiscoveryClient    : DiscoveryClient_DOCTOR-SERVICE/KarthikPc:DOCTOR-SERVICE:8089 - deregister  status: 200
2025-08-16T00:10:56.971+05:30  INFO 15412 --- [DOCTOR-SERVICE] [Thread-1] [                                                 ] com.netflix.discovery.DiscoveryClient    : Completed shut down of DiscoveryClient
2025-08-16T00:11:01.117+05:30  INFO 15412 --- [DOCTOR-SERVICE] [restartedMain] [                                                 ] com.wipro.gp.DoctorServiceApplication    : Starting DoctorServiceApplication using Java 21.0.7 with PID 15412 (C:\Users\KARTHIK RAM\Documents\sts-wipro-microservicesGroupProject\Doctor-Service\target\classes started by KARTHIK RAM in C:\Users\KARTHIK RAM\Documents\sts-wipro-microservicesGroupProject\Doctor-Service)
2025-08-16T00:11:01.120+05:30  INFO 15412 --- [DOCTOR-SERVICE] [restartedMain] [                                                 ] com.wipro.gp.DoctorServiceApplication    : No active profile set, falling back to 1 default profile: "default"
2025-08-16T00:11:01.140+05:30  INFO 15412 --- [DOCTOR-SERVICE] [restartedMain] [                                                 ] o.s.c.c.c.ConfigServerConfigDataLoader   : Fetching config from server at : http://localhost:9094
2025-08-16T00:11:01.143+05:30  INFO 15412 --- [DOCTOR-SERVICE] [restartedMain] [                                                 ] o.s.c.c.c.ConfigServerConfigDataLoader   : Located environment: name=DOCTOR-SERVICE, profiles=[default], label=null, version=4dad9656a29741fba1fbc85c25258fb005cccdc0, state=
2025-08-16T00:11:05.919+05:30  INFO 15412 --- [DOCTOR-SERVICE] [restartedMain] [                                                 ] .s.d.r.c.RepositoryConfigurationDelegate : Bootstrapping Spring Data JPA repositories in DEFAULT mode.
2025-08-16T00:11:06.005+05:30  INFO 15412 --- [DOCTOR-SERVICE] [restartedMain] [                                                 ] .s.d.r.c.RepositoryConfigurationDelegate : Finished Spring Data repository scanning in 75 ms. Found 1 JPA repository interface.
2025-08-16T00:11:06.627+05:30  INFO 15412 --- [DOCTOR-SERVICE] [restartedMain] [                                                 ] o.s.cloud.context.scope.GenericScope     : BeanFactory id=fc71a4b0-e6ab-335a-b16b-011d84d41987
2025-08-16T00:11:08.374+05:30  INFO 15412 --- [DOCTOR-SERVICE] [restartedMain] [                                                 ] o.s.b.w.embedded.tomcat.TomcatWebServer  : Tomcat initialized with port 8089 (http)
2025-08-16T00:11:08.383+05:30  INFO 15412 --- [DOCTOR-SERVICE] [restartedMain] [                                                 ] o.apache.catalina.core.StandardService   : Starting service [Tomcat]
2025-08-16T00:11:08.385+05:30  INFO 15412 --- [DOCTOR-SERVICE] [restartedMain] [                                                 ] o.apache.catalina.core.StandardEngine    : Starting Servlet engine: [Apache Tomcat/10.1.43]
2025-08-16T00:11:08.518+05:30  INFO 15412 --- [DOCTOR-SERVICE] [restartedMain] [                                                 ] o.a.c.c.C.[Tomcat].[localhost].[/]       : Initializing Spring embedded WebApplicationContext
2025-08-16T00:11:08.519+05:30  INFO 15412 --- [DOCTOR-SERVICE] [restartedMain] [                                                 ] w.s.c.ServletWebServerApplicationContext : Root WebApplicationContext: initialization completed in 7375 ms
2025-08-16T00:11:10.832+05:30  INFO 15412 --- [DOCTOR-SERVICE] [restartedMain] [                                                 ] o.hibernate.jpa.internal.util.LogHelper  : HHH000204: Processing PersistenceUnitInfo [name: default]
2025-08-16T00:11:10.861+05:30  INFO 15412 --- [DOCTOR-SERVICE] [restartedMain] [                                                 ] o.h.c.internal.RegionFactoryInitiator    : HHH000026: Second-level cache disabled
2025-08-16T00:11:11.086+05:30  INFO 15412 --- [DOCTOR-SERVICE] [restartedMain] [                                                 ] o.s.o.j.p.SpringPersistenceUnitInfo      : No LoadTimeWeaver setup: ignoring JPA class transformer
2025-08-16T00:11:11.101+05:30  INFO 15412 --- [DOCTOR-SERVICE] [restartedMain] [                                                 ] com.zaxxer.hikari.HikariDataSource       : HikariPool-2 - Starting...
2025-08-16T00:11:11.232+05:30  INFO 15412 --- [DOCTOR-SERVICE] [restartedMain] [                                                 ] com.zaxxer.hikari.pool.HikariPool        : HikariPool-2 - Added connection com.mysql.cj.jdbc.ConnectionImpl@73dca23e
2025-08-16T00:11:11.234+05:30  INFO 15412 --- [DOCTOR-SERVICE] [restartedMain] [                                                 ] com.zaxxer.hikari.HikariDataSource       : HikariPool-2 - Start completed.
2025-08-16T00:11:11.252+05:30  WARN 15412 --- [DOCTOR-SERVICE] [restartedMain] [                                                 ] org.hibernate.orm.deprecation            : HHH90000025: MySQLDialect does not need to be specified explicitly using 'hibernate.dialect' (remove the property setting and it will be selected by default)
2025-08-16T00:11:11.255+05:30  INFO 15412 --- [DOCTOR-SERVICE] [restartedMain] [                                                 ] org.hibernate.orm.connections.pooling    : HHH10001005: Database info:
	Database JDBC URL [Connecting through datasource 'HikariDataSource (HikariPool-2)']
	Database driver: undefined/unknown
	Database version: 8.0.36
	Autocommit mode: undefined/unknown
	Isolation level: undefined/unknown
	Minimum pool size: undefined/unknown
	Maximum pool size: undefined/unknown
2025-08-16T00:11:11.939+05:30  INFO 15412 --- [DOCTOR-SERVICE] [restartedMain] [                                                 ] o.h.e.t.j.p.i.JtaPlatformInitiator       : HHH000489: No JTA platform available (set 'hibernate.transaction.jta.platform' to enable JTA platform integration)
2025-08-16T00:11:12.219+05:30  INFO 15412 --- [DOCTOR-SERVICE] [restartedMain] [                                                 ] j.LocalContainerEntityManagerFactoryBean : Initialized JPA EntityManagerFactory for persistence unit 'default'
2025-08-16T00:11:14.092+05:30  WARN 15412 --- [DOCTOR-SERVICE] [restartedMain] [                                                 ] JpaBaseConfiguration$JpaWebConfiguration : spring.jpa.open-in-view is enabled by default. Therefore, database queries may be performed during view rendering. Explicitly configure spring.jpa.open-in-view to disable this warning
2025-08-16T00:11:23.091+05:30  WARN 15412 --- [DOCTOR-SERVICE] [restartedMain] [                                                 ] o.s.b.d.a.OptionalLiveReloadServer       : Unable to start LiveReload server
2025-08-16T00:11:23.604+05:30  INFO 15412 --- [DOCTOR-SERVICE] [restartedMain] [                                                 ] DiscoveryClientOptionalArgsConfiguration : Eureka HTTP Client uses RestTemplate.
2025-08-16T00:11:24.307+05:30  WARN 15412 --- [DOCTOR-SERVICE] [restartedMain] [                                                 ] iguration$LoadBalancerCaffeineWarnLogger : Spring Cloud LoadBalancer is currently working with the default cache. While this cache implementation is useful for development and tests, it's recommended to use Caffeine cache in production.You can switch to using Caffeine cache, by adding it and org.springframework.cache.caffeine.CaffeineCacheManager to the classpath.
2025-08-16T00:11:24.495+05:30  INFO 15412 --- [DOCTOR-SERVICE] [restartedMain] [                                                 ] o.s.b.a.e.web.EndpointLinksResolver      : Exposing 1 endpoint beneath base path '/actuator'
2025-08-16T00:11:24.954+05:30  INFO 15412 --- [DOCTOR-SERVICE] [restartedMain] [                                                 ] o.s.c.n.eureka.InstanceInfoFactory       : Setting initial instance status as: STARTING
2025-08-16T00:11:25.001+05:30  INFO 15412 --- [DOCTOR-SERVICE] [restartedMain] [                                                 ] com.netflix.discovery.DiscoveryClient    : Initializing Eureka in region us-east-1
2025-08-16T00:11:25.003+05:30  INFO 15412 --- [DOCTOR-SERVICE] [restartedMain] [                                                 ] c.n.d.s.r.aws.ConfigClusterResolver      : Resolving eureka endpoints via configuration
2025-08-16T00:11:25.005+05:30  INFO 15412 --- [DOCTOR-SERVICE] [restartedMain] [                                                 ] com.netflix.discovery.DiscoveryClient    : Disable delta property : false
2025-08-16T00:11:25.006+05:30  INFO 15412 --- [DOCTOR-SERVICE] [restartedMain] [                                                 ] com.netflix.discovery.DiscoveryClient    : Single vip registry refresh property : null
2025-08-16T00:11:25.006+05:30  INFO 15412 --- [DOCTOR-SERVICE] [restartedMain] [                                                 ] com.netflix.discovery.DiscoveryClient    : Force full registry fetch : false
2025-08-16T00:11:25.007+05:30  INFO 15412 --- [DOCTOR-SERVICE] [restartedMain] [                                                 ] com.netflix.discovery.DiscoveryClient    : Application is null : false
2025-08-16T00:11:25.008+05:30  INFO 15412 --- [DOCTOR-SERVICE] [restartedMain] [                                                 ] com.netflix.discovery.DiscoveryClient    : Registered Applications size is zero : true
2025-08-16T00:11:25.008+05:30  INFO 15412 --- [DOCTOR-SERVICE] [restartedMain] [                                                 ] com.netflix.discovery.DiscoveryClient    : Application version is -1: true
2025-08-16T00:11:25.009+05:30  INFO 15412 --- [DOCTOR-SERVICE] [restartedMain] [                                                 ] com.netflix.discovery.DiscoveryClient    : Getting all instance registry info from the eureka server
2025-08-16T00:11:25.360+05:30  INFO 15412 --- [DOCTOR-SERVICE] [restartedMain] [                                                 ] com.netflix.discovery.DiscoveryClient    : The response status is 200
2025-08-16T00:11:25.362+05:30  INFO 15412 --- [DOCTOR-SERVICE] [restartedMain] [                                                 ] com.netflix.discovery.DiscoveryClient    : Starting heartbeat executor: renew interval is: 30
2025-08-16T00:11:25.364+05:30  INFO 15412 --- [DOCTOR-SERVICE] [restartedMain] [                                                 ] c.n.discovery.InstanceInfoReplicator     : InstanceInfoReplicator onDemand update allowed rate per min is 4
2025-08-16T00:11:25.364+05:30  INFO 15412 --- [DOCTOR-SERVICE] [restartedMain] [                                                 ] com.netflix.discovery.DiscoveryClient    : Discovery Client initialized at timestamp 1755283285364 with initial instances count: 4
2025-08-16T00:11:25.496+05:30  INFO 15412 --- [DOCTOR-SERVICE] [restartedMain] [                                                 ] o.s.c.n.e.s.EurekaServiceRegistry        : Registering application DOCTOR-SERVICE with eureka with status UP
2025-08-16T00:11:25.500+05:30  INFO 15412 --- [DOCTOR-SERVICE] [restartedMain] [                                                 ] com.netflix.discovery.DiscoveryClient    : Saw local status change event StatusChangeEvent [timestamp=1755283285499, current=UP, previous=STARTING]
2025-08-16T00:11:25.502+05:30  INFO 15412 --- [DOCTOR-SERVICE] [DiscoveryClient-InstanceInfoReplicator-%d] [                                                 ] com.netflix.discovery.DiscoveryClient    : DiscoveryClient_DOCTOR-SERVICE/KarthikPc:DOCTOR-SERVICE:8089: registering service...
2025-08-16T00:11:25.542+05:30  INFO 15412 --- [DOCTOR-SERVICE] [restartedMain] [                                                 ] o.s.b.w.embedded.tomcat.TomcatWebServer  : Tomcat started on port 8089 (http) with context path '/'
2025-08-16T00:11:25.545+05:30  INFO 15412 --- [DOCTOR-SERVICE] [restartedMain] [                                                 ] .s.c.n.e.s.EurekaAutoServiceRegistration : Updating port to 8089
2025-08-16T00:11:25.589+05:30  INFO 15412 --- [DOCTOR-SERVICE] [DiscoveryClient-InstanceInfoReplicator-%d] [                                                 ] com.netflix.discovery.DiscoveryClient    : DiscoveryClient_DOCTOR-SERVICE/KarthikPc:DOCTOR-SERVICE:8089 - registration status: 204
2025-08-16T00:11:25.752+05:30  INFO 15412 --- [DOCTOR-SERVICE] [restartedMain] [                                                 ] com.wipro.gp.DoctorServiceApplication    : Started DoctorServiceApplication in 27.065 seconds (process running for 18797.464)
2025-08-16T00:11:25.770+05:30  INFO 15412 --- [DOCTOR-SERVICE] [restartedMain] [                                                 ] .ConditionEvaluationDeltaLoggingListener : Condition evaluation unchanged
2025-08-16T00:12:37.401+05:30  INFO 15412 --- [DOCTOR-SERVICE] [File Watcher] [                                                 ] rtingClassPathChangeChangedEventListener : Restarting due to 15 class path changes (0 additions, 15 deletions, 0 modifications)
2025-08-16T00:12:37.429+05:30  INFO 15412 --- [DOCTOR-SERVICE] [Thread-7] [                                                 ] o.s.c.n.e.s.EurekaServiceRegistry        : Unregistering application DOCTOR-SERVICE with eureka with status DOWN
2025-08-16T00:12:37.430+05:30  INFO 15412 --- [DOCTOR-SERVICE] [Thread-7] [                                                 ] com.netflix.discovery.DiscoveryClient    : Saw local status change event StatusChangeEvent [timestamp=1755283357430, current=DOWN, previous=UP]
2025-08-16T00:12:37.432+05:30  INFO 15412 --- [DOCTOR-SERVICE] [DiscoveryClient-InstanceInfoReplicator-%d] [                                                 ] com.netflix.discovery.DiscoveryClient    : DiscoveryClient_DOCTOR-SERVICE/KarthikPc:DOCTOR-SERVICE:8089: registering service...
2025-08-16T00:12:37.447+05:30  INFO 15412 --- [DOCTOR-SERVICE] [Thread-7] [                                                 ] o.s.b.w.e.tomcat.GracefulShutdown        : Commencing graceful shutdown. Waiting for active requests to complete
2025-08-16T00:12:37.464+05:30  INFO 15412 --- [DOCTOR-SERVICE] [DiscoveryClient-InstanceInfoReplicator-%d] [                                                 ] com.netflix.discovery.DiscoveryClient    : DiscoveryClient_DOCTOR-SERVICE/KarthikPc:DOCTOR-SERVICE:8089 - registration status: 204
2025-08-16T00:12:38.495+05:30  INFO 15412 --- [DOCTOR-SERVICE] [tomcat-shutdown] [                                                 ] o.s.b.w.e.tomcat.GracefulShutdown        : Graceful shutdown complete
2025-08-16T00:12:38.587+05:30  INFO 15412 --- [DOCTOR-SERVICE] [Thread-7] [                                                 ] j.LocalContainerEntityManagerFactoryBean : Closing JPA EntityManagerFactory for persistence unit 'default'
2025-08-16T00:12:38.592+05:30  INFO 15412 --- [DOCTOR-SERVICE] [Thread-7] [                                                 ] com.zaxxer.hikari.HikariDataSource       : HikariPool-2 - Shutdown initiated...
2025-08-16T00:12:38.673+05:30  INFO 15412 --- [DOCTOR-SERVICE] [Thread-7] [                                                 ] com.zaxxer.hikari.HikariDataSource       : HikariPool-2 - Shutdown completed.
2025-08-16T00:12:39.217+05:30  INFO 15412 --- [DOCTOR-SERVICE] [Thread-7] [                                                 ] com.netflix.discovery.DiscoveryClient    : Shutting down DiscoveryClient ...
2025-08-16T00:12:42.237+05:30  INFO 15412 --- [DOCTOR-SERVICE] [Thread-7] [                                                 ] com.netflix.discovery.DiscoveryClient    : Unregistering ...
2025-08-16T00:12:42.312+05:30  INFO 15412 --- [DOCTOR-SERVICE] [Thread-7] [                                                 ] com.netflix.discovery.DiscoveryClient    : DiscoveryClient_DOCTOR-SERVICE/KarthikPc:DOCTOR-SERVICE:8089 - deregister  status: 200
2025-08-16T00:12:42.316+05:30  INFO 15412 --- [DOCTOR-SERVICE] [Thread-7] [                                                 ] com.netflix.discovery.DiscoveryClient    : Completed shut down of DiscoveryClient
2025-08-16T00:12:43.347+05:30 ERROR 15412 --- [DOCTOR-SERVICE] [restartedMain] [                                                 ] o.s.b.d.LoggingFailureAnalysisReporter   : 

***************************
APPLICATION FAILED TO START
***************************

Description:

No spring.config.import property has been defined

Action:

Add a spring.config.import=configserver: property to your configuration.
	If configuration is not required add spring.config.import=optional:configserver: instead.
	To disable this check, set spring.cloud.config.enabled=false or 
	spring.cloud.config.import-check.enabled=false.

2025-08-16T00:12:52.898+05:30  INFO 15412 --- [DOCTOR-SERVICE] [restartedMain] [                                                 ] com.wipro.gp.DoctorServiceApplication    : Starting DoctorServiceApplication using Java 21.0.7 with PID 15412 (C:\Users\KARTHIK RAM\Documents\sts-wipro-microservicesGroupProject\Doctor-Service\target\classes started by KARTHIK RAM in C:\Users\KARTHIK RAM\Documents\sts-wipro-microservicesGroupProject\Doctor-Service)
2025-08-16T00:12:52.900+05:30  INFO 15412 --- [DOCTOR-SERVICE] [restartedMain] [                                                 ] com.wipro.gp.DoctorServiceApplication    : No active profile set, falling back to 1 default profile: "default"
2025-08-16T00:12:52.959+05:30  INFO 15412 --- [DOCTOR-SERVICE] [restartedMain] [                                                 ] o.s.c.c.c.ConfigServerConfigDataLoader   : Fetching config from server at : http://localhost:9094
2025-08-16T00:12:52.961+05:30  INFO 15412 --- [DOCTOR-SERVICE] [restartedMain] [                                                 ] o.s.c.c.c.ConfigServerConfigDataLoader   : Located environment: name=DOCTOR-SERVICE, profiles=[default], label=null, version=4dad9656a29741fba1fbc85c25258fb005cccdc0, state=
2025-08-16T00:12:57.364+05:30  INFO 15412 --- [DOCTOR-SERVICE] [restartedMain] [                                                 ] .s.d.r.c.RepositoryConfigurationDelegate : Bootstrapping Spring Data JPA repositories in DEFAULT mode.
2025-08-16T00:12:57.451+05:30  INFO 15412 --- [DOCTOR-SERVICE] [restartedMain] [                                                 ] .s.d.r.c.RepositoryConfigurationDelegate : Finished Spring Data repository scanning in 70 ms. Found 1 JPA repository interface.
2025-08-16T00:12:58.930+05:30  INFO 15412 --- [DOCTOR-SERVICE] [restartedMain] [                                                 ] o.s.cloud.context.scope.GenericScope     : BeanFactory id=fc71a4b0-e6ab-335a-b16b-011d84d41987
2025-08-16T00:13:02.742+05:30  INFO 15412 --- [DOCTOR-SERVICE] [restartedMain] [                                                 ] o.s.b.w.embedded.tomcat.TomcatWebServer  : Tomcat initialized with port 8089 (http)
2025-08-16T00:13:02.765+05:30  INFO 15412 --- [DOCTOR-SERVICE] [restartedMain] [                                                 ] o.apache.catalina.core.StandardService   : Starting service [Tomcat]
2025-08-16T00:13:02.767+05:30  INFO 15412 --- [DOCTOR-SERVICE] [restartedMain] [                                                 ] o.apache.catalina.core.StandardEngine    : Starting Servlet engine: [Apache Tomcat/10.1.43]
2025-08-16T00:13:03.214+05:30  INFO 15412 --- [DOCTOR-SERVICE] [restartedMain] [                                                 ] o.a.c.c.C.[Tomcat].[localhost].[/]       : Initializing Spring embedded WebApplicationContext
2025-08-16T00:13:03.215+05:30  INFO 15412 --- [DOCTOR-SERVICE] [restartedMain] [                                                 ] w.s.c.ServletWebServerApplicationContext : Root WebApplicationContext: initialization completed in 10253 ms
2025-08-16T00:13:08.217+05:30  INFO 15412 --- [DOCTOR-SERVICE] [restartedMain] [                                                 ] o.hibernate.jpa.internal.util.LogHelper  : HHH000204: Processing PersistenceUnitInfo [name: default]
2025-08-16T00:13:08.290+05:30  INFO 15412 --- [DOCTOR-SERVICE] [restartedMain] [                                                 ] o.h.c.internal.RegionFactoryInitiator    : HHH000026: Second-level cache disabled
2025-08-16T00:13:08.588+05:30  INFO 15412 --- [DOCTOR-SERVICE] [restartedMain] [                                                 ] o.s.o.j.p.SpringPersistenceUnitInfo      : No LoadTimeWeaver setup: ignoring JPA class transformer
2025-08-16T00:13:08.595+05:30  INFO 15412 --- [DOCTOR-SERVICE] [restartedMain] [                                                 ] com.zaxxer.hikari.HikariDataSource       : HikariPool-3 - Starting...
2025-08-16T00:13:08.878+05:30  INFO 15412 --- [DOCTOR-SERVICE] [restartedMain] [                                                 ] com.zaxxer.hikari.pool.HikariPool        : HikariPool-3 - Added connection com.mysql.cj.jdbc.ConnectionImpl@378bb9a8
2025-08-16T00:13:08.881+05:30  INFO 15412 --- [DOCTOR-SERVICE] [restartedMain] [                                                 ] com.zaxxer.hikari.HikariDataSource       : HikariPool-3 - Start completed.
2025-08-16T00:13:08.893+05:30  WARN 15412 --- [DOCTOR-SERVICE] [restartedMain] [                                                 ] org.hibernate.orm.deprecation            : HHH90000025: MySQLDialect does not need to be specified explicitly using 'hibernate.dialect' (remove the property setting and it will be selected by default)
2025-08-16T00:13:08.896+05:30  INFO 15412 --- [DOCTOR-SERVICE] [restartedMain] [                                                 ] org.hibernate.orm.connections.pooling    : HHH10001005: Database info:
	Database JDBC URL [Connecting through datasource 'HikariDataSource (HikariPool-3)']
	Database driver: undefined/unknown
	Database version: 8.0.36
	Autocommit mode: undefined/unknown
	Isolation level: undefined/unknown
	Minimum pool size: undefined/unknown
	Maximum pool size: undefined/unknown
2025-08-16T00:13:09.393+05:30  INFO 15412 --- [DOCTOR-SERVICE] [restartedMain] [                                                 ] o.h.e.t.j.p.i.JtaPlatformInitiator       : HHH000489: No JTA platform available (set 'hibernate.transaction.jta.platform' to enable JTA platform integration)
2025-08-16T00:13:09.542+05:30  INFO 15412 --- [DOCTOR-SERVICE] [restartedMain] [                                                 ] j.LocalContainerEntityManagerFactoryBean : Initialized JPA EntityManagerFactory for persistence unit 'default'
2025-08-16T00:13:11.954+05:30  WARN 15412 --- [DOCTOR-SERVICE] [restartedMain] [                                                 ] JpaBaseConfiguration$JpaWebConfiguration : spring.jpa.open-in-view is enabled by default. Therefore, database queries may be performed during view rendering. Explicitly configure spring.jpa.open-in-view to disable this warning
2025-08-16T02:13:57.099+05:30  INFO 9420 --- [DOCTOR-SERVICE] [restartedMain] [                                                 ] com.wipro.gp.DoctorServiceApplication    : Starting DoctorServiceApplication using Java 21.0.7 with PID 9420 (C:\Users\KARTHIK RAM\Documents\sts-wipro-microservicesGroupProject\Doctor-Service\target\classes started by KARTHIK RAM in C:\Users\KARTHIK RAM\Documents\sts-wipro-microservicesGroupProject\Doctor-Service)
2025-08-16T02:13:57.111+05:30  INFO 9420 --- [DOCTOR-SERVICE] [restartedMain] [                                                 ] com.wipro.gp.DoctorServiceApplication    : No active profile set, falling back to 1 default profile: "default"
2025-08-16T02:13:57.259+05:30  INFO 9420 --- [DOCTOR-SERVICE] [restartedMain] [                                                 ] o.s.c.c.c.ConfigServerConfigDataLoader   : Fetching config from server at : http://localhost:9094
2025-08-16T02:13:57.260+05:30  INFO 9420 --- [DOCTOR-SERVICE] [restartedMain] [                                                 ] o.s.c.c.c.ConfigServerConfigDataLoader   : Located environment: name=DOCTOR-SERVICE, profiles=[default], label=null, version=4dad9656a29741fba1fbc85c25258fb005cccdc0, state=
2025-08-16T02:13:57.270+05:30  INFO 9420 --- [DOCTOR-SERVICE] [restartedMain] [                                                 ] .e.DevToolsPropertyDefaultsPostProcessor : Devtools property defaults active! Set 'spring.devtools.add-properties' to 'false' to disable
2025-08-16T02:13:57.271+05:30  INFO 9420 --- [DOCTOR-SERVICE] [restartedMain] [                                                 ] .e.DevToolsPropertyDefaultsPostProcessor : For additional web related logging consider setting the 'logging.level.web' property to 'DEBUG'
2025-08-16T02:14:01.368+05:30  INFO 9420 --- [DOCTOR-SERVICE] [restartedMain] [                                                 ] .s.d.r.c.RepositoryConfigurationDelegate : Bootstrapping Spring Data JPA repositories in DEFAULT mode.
2025-08-16T02:14:01.895+05:30  INFO 9420 --- [DOCTOR-SERVICE] [restartedMain] [                                                 ] .s.d.r.c.RepositoryConfigurationDelegate : Finished Spring Data repository scanning in 499 ms. Found 1 JPA repository interface.
2025-08-16T02:14:02.900+05:30  INFO 9420 --- [DOCTOR-SERVICE] [restartedMain] [                                                 ] o.s.cloud.context.scope.GenericScope     : BeanFactory id=fc71a4b0-e6ab-335a-b16b-011d84d41987
2025-08-16T02:14:05.460+05:30  INFO 9420 --- [DOCTOR-SERVICE] [restartedMain] [                                                 ] o.s.b.w.embedded.tomcat.TomcatWebServer  : Tomcat initialized with port 8089 (http)
2025-08-16T02:14:05.502+05:30  INFO 9420 --- [DOCTOR-SERVICE] [restartedMain] [                                                 ] o.apache.catalina.core.StandardService   : Starting service [Tomcat]
2025-08-16T02:14:05.503+05:30  INFO 9420 --- [DOCTOR-SERVICE] [restartedMain] [                                                 ] o.apache.catalina.core.StandardEngine    : Starting Servlet engine: [Apache Tomcat/10.1.43]
2025-08-16T02:14:05.677+05:30  INFO 9420 --- [DOCTOR-SERVICE] [restartedMain] [                                                 ] o.a.c.c.C.[Tomcat].[localhost].[/]       : Initializing Spring embedded WebApplicationContext
2025-08-16T02:14:05.678+05:30  INFO 9420 --- [DOCTOR-SERVICE] [restartedMain] [                                                 ] w.s.c.ServletWebServerApplicationContext : Root WebApplicationContext: initialization completed in 8403 ms
2025-08-16T02:14:08.200+05:30  INFO 9420 --- [DOCTOR-SERVICE] [restartedMain] [                                                 ] o.hibernate.jpa.internal.util.LogHelper  : HHH000204: Processing PersistenceUnitInfo [name: default]
2025-08-16T02:14:08.363+05:30  INFO 9420 --- [DOCTOR-SERVICE] [restartedMain] [                                                 ] org.hibernate.Version                    : HHH000412: Hibernate ORM core version 6.6.22.Final
2025-08-16T02:14:08.472+05:30  INFO 9420 --- [DOCTOR-SERVICE] [restartedMain] [                                                 ] o.h.c.internal.RegionFactoryInitiator    : HHH000026: Second-level cache disabled
2025-08-16T02:14:09.341+05:30  INFO 9420 --- [DOCTOR-SERVICE] [restartedMain] [                                                 ] o.s.o.j.p.SpringPersistenceUnitInfo      : No LoadTimeWeaver setup: ignoring JPA class transformer
2025-08-16T02:14:09.439+05:30  INFO 9420 --- [DOCTOR-SERVICE] [restartedMain] [                                                 ] com.zaxxer.hikari.HikariDataSource       : HikariPool-1 - Starting...
2025-08-16T02:14:10.298+05:30  INFO 9420 --- [DOCTOR-SERVICE] [restartedMain] [                                                 ] com.zaxxer.hikari.pool.HikariPool        : HikariPool-1 - Added connection com.mysql.cj.jdbc.ConnectionImpl@67440d5c
2025-08-16T02:14:10.306+05:30  INFO 9420 --- [DOCTOR-SERVICE] [restartedMain] [                                                 ] com.zaxxer.hikari.HikariDataSource       : HikariPool-1 - Start completed.
2025-08-16T02:14:10.544+05:30  WARN 9420 --- [DOCTOR-SERVICE] [restartedMain] [                                                 ] org.hibernate.orm.deprecation            : HHH90000025: MySQLDialect does not need to be specified explicitly using 'hibernate.dialect' (remove the property setting and it will be selected by default)
2025-08-16T02:14:10.604+05:30  INFO 9420 --- [DOCTOR-SERVICE] [restartedMain] [                                                 ] org.hibernate.orm.connections.pooling    : HHH10001005: Database info:
	Database JDBC URL [Connecting through datasource 'HikariDataSource (HikariPool-1)']
	Database driver: undefined/unknown
	Database version: 8.0.36
	Autocommit mode: undefined/unknown
	Isolation level: undefined/unknown
	Minimum pool size: undefined/unknown
	Maximum pool size: undefined/unknown
2025-08-16T02:14:13.432+05:30  INFO 9420 --- [DOCTOR-SERVICE] [restartedMain] [                                                 ] o.h.e.t.j.p.i.JtaPlatformInitiator       : HHH000489: No JTA platform available (set 'hibernate.transaction.jta.platform' to enable JTA platform integration)
2025-08-16T02:14:13.684+05:30  INFO 9420 --- [DOCTOR-SERVICE] [restartedMain] [                                                 ] j.LocalContainerEntityManagerFactoryBean : Initialized JPA EntityManagerFactory for persistence unit 'default'
2025-08-16T02:14:14.937+05:30  INFO 9420 --- [DOCTOR-SERVICE] [restartedMain] [                                                 ] o.s.d.j.r.query.QueryEnhancerFactory     : Hibernate is in classpath; If applicable, HQL parser will be used.
2025-08-16T02:14:17.994+05:30  WARN 9420 --- [DOCTOR-SERVICE] [restartedMain] [                                                 ] JpaBaseConfiguration$JpaWebConfiguration : spring.jpa.open-in-view is enabled by default. Therefore, database queries may be performed during view rendering. Explicitly configure spring.jpa.open-in-view to disable this warning
2025-08-16T02:14:24.035+05:30  WARN 9420 --- [DOCTOR-SERVICE] [restartedMain] [                                                 ] o.s.b.d.a.OptionalLiveReloadServer       : Unable to start LiveReload server
2025-08-16T02:14:24.238+05:30  INFO 9420 --- [DOCTOR-SERVICE] [restartedMain] [                                                 ] DiscoveryClientOptionalArgsConfiguration : Eureka HTTP Client uses RestTemplate.
2025-08-16T02:14:24.584+05:30  WARN 9420 --- [DOCTOR-SERVICE] [restartedMain] [                                                 ] iguration$LoadBalancerCaffeineWarnLogger : Spring Cloud LoadBalancer is currently working with the default cache. While this cache implementation is useful for development and tests, it's recommended to use Caffeine cache in production.You can switch to using Caffeine cache, by adding it and org.springframework.cache.caffeine.CaffeineCacheManager to the classpath.
2025-08-16T02:14:24.637+05:30  INFO 9420 --- [DOCTOR-SERVICE] [restartedMain] [                                                 ] o.s.b.a.e.web.EndpointLinksResolver      : Exposing 1 endpoint beneath base path '/actuator'
2025-08-16T02:14:24.992+05:30  INFO 9420 --- [DOCTOR-SERVICE] [restartedMain] [                                                 ] o.s.c.n.eureka.InstanceInfoFactory       : Setting initial instance status as: STARTING
2025-08-16T02:14:25.072+05:30  INFO 9420 --- [DOCTOR-SERVICE] [restartedMain] [                                                 ] com.netflix.discovery.DiscoveryClient    : Initializing Eureka in region us-east-1
2025-08-16T02:14:25.084+05:30  INFO 9420 --- [DOCTOR-SERVICE] [restartedMain] [                                                 ] c.n.d.s.r.aws.ConfigClusterResolver      : Resolving eureka endpoints via configuration
2025-08-16T02:14:25.114+05:30  INFO 9420 --- [DOCTOR-SERVICE] [restartedMain] [                                                 ] com.netflix.discovery.DiscoveryClient    : Disable delta property : false
2025-08-16T02:14:25.115+05:30  INFO 9420 --- [DOCTOR-SERVICE] [restartedMain] [                                                 ] com.netflix.discovery.DiscoveryClient    : Single vip registry refresh property : null
2025-08-16T02:14:25.116+05:30  INFO 9420 --- [DOCTOR-SERVICE] [restartedMain] [                                                 ] com.netflix.discovery.DiscoveryClient    : Force full registry fetch : false
2025-08-16T02:14:25.117+05:30  INFO 9420 --- [DOCTOR-SERVICE] [restartedMain] [                                                 ] com.netflix.discovery.DiscoveryClient    : Application is null : false
2025-08-16T02:14:25.117+05:30  INFO 9420 --- [DOCTOR-SERVICE] [restartedMain] [                                                 ] com.netflix.discovery.DiscoveryClient    : Registered Applications size is zero : true
2025-08-16T02:14:25.118+05:30  INFO 9420 --- [DOCTOR-SERVICE] [restartedMain] [                                                 ] com.netflix.discovery.DiscoveryClient    : Application version is -1: true
2025-08-16T02:14:25.118+05:30  INFO 9420 --- [DOCTOR-SERVICE] [restartedMain] [                                                 ] com.netflix.discovery.DiscoveryClient    : Getting all instance registry info from the eureka server
2025-08-16T02:14:26.035+05:30  INFO 9420 --- [DOCTOR-SERVICE] [restartedMain] [                                                 ] com.netflix.discovery.DiscoveryClient    : The response status is 200
2025-08-16T02:14:26.040+05:30  INFO 9420 --- [DOCTOR-SERVICE] [restartedMain] [                                                 ] com.netflix.discovery.DiscoveryClient    : Starting heartbeat executor: renew interval is: 30
2025-08-16T02:14:26.047+05:30  INFO 9420 --- [DOCTOR-SERVICE] [restartedMain] [                                                 ] c.n.discovery.InstanceInfoReplicator     : InstanceInfoReplicator onDemand update allowed rate per min is 4
2025-08-16T02:14:26.050+05:30  INFO 9420 --- [DOCTOR-SERVICE] [restartedMain] [                                                 ] com.netflix.discovery.DiscoveryClient    : Discovery Client initialized at timestamp 1755290666050 with initial instances count: 3
2025-08-16T02:14:26.103+05:30  INFO 9420 --- [DOCTOR-SERVICE] [restartedMain] [                                                 ] o.s.c.n.e.s.EurekaServiceRegistry        : Registering application DOCTOR-SERVICE with eureka with status UP
2025-08-16T02:14:26.106+05:30  INFO 9420 --- [DOCTOR-SERVICE] [restartedMain] [                                                 ] com.netflix.discovery.DiscoveryClient    : Saw local status change event StatusChangeEvent [timestamp=1755290666106, current=UP, previous=STARTING]
2025-08-16T02:14:26.114+05:30  INFO 9420 --- [DOCTOR-SERVICE] [DiscoveryClient-InstanceInfoReplicator-%d] [                                                 ] com.netflix.discovery.DiscoveryClient    : DiscoveryClient_DOCTOR-SERVICE/KarthikPc:DOCTOR-SERVICE:8089: registering service...
2025-08-16T02:14:26.177+05:30  INFO 9420 --- [DOCTOR-SERVICE] [restartedMain] [                                                 ] o.s.b.w.embedded.tomcat.TomcatWebServer  : Tomcat started on port 8089 (http) with context path '/'
2025-08-16T02:14:26.180+05:30  INFO 9420 --- [DOCTOR-SERVICE] [restartedMain] [                                                 ] .s.c.n.e.s.EurekaAutoServiceRegistration : Updating port to 8089
2025-08-16T02:14:26.248+05:30  INFO 9420 --- [DOCTOR-SERVICE] [restartedMain] [                                                 ] com.wipro.gp.DoctorServiceApplication    : Started DoctorServiceApplication in 33.265 seconds (process running for 36.29)
2025-08-16T02:14:26.279+05:30  INFO 9420 --- [DOCTOR-SERVICE] [DiscoveryClient-InstanceInfoReplicator-%d] [                                                 ] com.netflix.discovery.DiscoveryClient    : DiscoveryClient_DOCTOR-SERVICE/KarthikPc:DOCTOR-SERVICE:8089 - registration status: 204
2025-08-16T02:14:26.719+05:30  INFO 9420 --- [DOCTOR-SERVICE] [RMI TCP Connection(10)-127.0.0.1] [                                                 ] o.a.c.c.C.[Tomcat].[localhost].[/]       : Initializing Spring DispatcherServlet 'dispatcherServlet'
2025-08-16T02:14:26.720+05:30  INFO 9420 --- [DOCTOR-SERVICE] [RMI TCP Connection(10)-127.0.0.1] [                                                 ] o.s.web.servlet.DispatcherServlet        : Initializing Servlet 'dispatcherServlet'
2025-08-16T02:14:26.724+05:30  INFO 9420 --- [DOCTOR-SERVICE] [RMI TCP Connection(10)-127.0.0.1] [                                                 ] o.s.web.servlet.DispatcherServlet        : Completed initialization in 4 ms
2025-08-16T02:19:25.129+05:30  INFO 9420 --- [DOCTOR-SERVICE] [AsyncResolver-bootstrap-executor-%d] [                                                 ] c.n.d.s.r.aws.ConfigClusterResolver      : Resolving eureka endpoints via configuration
2025-08-16T02:24:25.149+05:30  INFO 9420 --- [DOCTOR-SERVICE] [AsyncResolver-bootstrap-executor-%d] [                                                 ] c.n.d.s.r.aws.ConfigClusterResolver      : Resolving eureka endpoints via configuration
2025-08-16T02:29:25.158+05:30  INFO 9420 --- [DOCTOR-SERVICE] [AsyncResolver-bootstrap-executor-%d] [                                                 ] c.n.d.s.r.aws.ConfigClusterResolver      : Resolving eureka endpoints via configuration
2025-08-16T02:34:25.190+05:30  INFO 9420 --- [DOCTOR-SERVICE] [AsyncResolver-bootstrap-executor-%d] [                                                 ] c.n.d.s.r.aws.ConfigClusterResolver      : Resolving eureka endpoints via configuration
2025-08-16T02:39:25.216+05:30  INFO 9420 --- [DOCTOR-SERVICE] [AsyncResolver-bootstrap-executor-%d] [                                                 ] c.n.d.s.r.aws.ConfigClusterResolver      : Resolving eureka endpoints via configuration
2025-08-16T02:44:25.244+05:30  INFO 9420 --- [DOCTOR-SERVICE] [AsyncResolver-bootstrap-executor-%d] [                                                 ] c.n.d.s.r.aws.ConfigClusterResolver      : Resolving eureka endpoints via configuration
2025-08-16T02:49:25.256+05:30  INFO 9420 --- [DOCTOR-SERVICE] [AsyncResolver-bootstrap-executor-%d] [                                                 ] c.n.d.s.r.aws.ConfigClusterResolver      : Resolving eureka endpoints via configuration
2025-08-16T02:54:25.277+05:30  INFO 9420 --- [DOCTOR-SERVICE] [AsyncResolver-bootstrap-executor-%d] [                                                 ] c.n.d.s.r.aws.ConfigClusterResolver      : Resolving eureka endpoints via configuration
2025-08-16T02:59:25.287+05:30  INFO 9420 --- [DOCTOR-SERVICE] [AsyncResolver-bootstrap-executor-%d] [                                                 ] c.n.d.s.r.aws.ConfigClusterResolver      : Resolving eureka endpoints via configuration
2025-08-16T03:03:22.473+05:30  INFO 9420 --- [DOCTOR-SERVICE] [File Watcher] [                                                 ] rtingClassPathChangeChangedEventListener : Restarting due to 1 class path change (0 additions, 0 deletions, 1 modification)
2025-08-16T03:03:22.484+05:30  INFO 9420 --- [DOCTOR-SERVICE] [Thread-1] [                                                 ] o.s.c.n.e.s.EurekaServiceRegistry        : Unregistering application DOCTOR-SERVICE with eureka with status DOWN
2025-08-16T03:03:22.485+05:30  INFO 9420 --- [DOCTOR-SERVICE] [Thread-1] [                                                 ] com.netflix.discovery.DiscoveryClient    : Saw local status change event StatusChangeEvent [timestamp=1755293602485, current=DOWN, previous=UP]
2025-08-16T03:03:22.486+05:30  INFO 9420 --- [DOCTOR-SERVICE] [DiscoveryClient-InstanceInfoReplicator-%d] [                                                 ] com.netflix.discovery.DiscoveryClient    : DiscoveryClient_DOCTOR-SERVICE/KarthikPc:DOCTOR-SERVICE:8089: registering service...
2025-08-16T03:03:22.500+05:30  INFO 9420 --- [DOCTOR-SERVICE] [Thread-1] [                                                 ] o.s.b.w.e.tomcat.GracefulShutdown        : Commencing graceful shutdown. Waiting for active requests to complete
2025-08-16T03:03:22.521+05:30  INFO 9420 --- [DOCTOR-SERVICE] [tomcat-shutdown] [                                                 ] o.s.b.w.e.tomcat.GracefulShutdown        : Graceful shutdown complete
2025-08-16T03:03:22.521+05:30  INFO 9420 --- [DOCTOR-SERVICE] [DiscoveryClient-InstanceInfoReplicator-%d] [                                                 ] com.netflix.discovery.DiscoveryClient    : DiscoveryClient_DOCTOR-SERVICE/KarthikPc:DOCTOR-SERVICE:8089 - registration status: 204
2025-08-16T03:03:22.575+05:30  INFO 9420 --- [DOCTOR-SERVICE] [Thread-1] [                                                 ] j.LocalContainerEntityManagerFactoryBean : Closing JPA EntityManagerFactory for persistence unit 'default'
2025-08-16T03:03:22.591+05:30  INFO 9420 --- [DOCTOR-SERVICE] [Thread-1] [                                                 ] com.zaxxer.hikari.HikariDataSource       : HikariPool-1 - Shutdown initiated...
2025-08-16T03:03:22.613+05:30  INFO 9420 --- [DOCTOR-SERVICE] [Thread-1] [                                                 ] com.zaxxer.hikari.HikariDataSource       : HikariPool-1 - Shutdown completed.
2025-08-16T03:03:22.982+05:30  INFO 9420 --- [DOCTOR-SERVICE] [Thread-1] [                                                 ] com.netflix.discovery.DiscoveryClient    : Shutting down DiscoveryClient ...
2025-08-16T03:03:25.995+05:30  INFO 9420 --- [DOCTOR-SERVICE] [Thread-1] [                                                 ] com.netflix.discovery.DiscoveryClient    : Unregistering ...
2025-08-16T03:03:26.014+05:30  INFO 9420 --- [DOCTOR-SERVICE] [Thread-1] [                                                 ] com.netflix.discovery.DiscoveryClient    : DiscoveryClient_DOCTOR-SERVICE/KarthikPc:DOCTOR-SERVICE:8089 - deregister  status: 200
2025-08-16T03:03:26.015+05:30  INFO 9420 --- [DOCTOR-SERVICE] [Thread-1] [                                                 ] com.netflix.discovery.DiscoveryClient    : Completed shut down of DiscoveryClient
2025-08-16T03:03:27.822+05:30  INFO 9420 --- [DOCTOR-SERVICE] [restartedMain] [                                                 ] com.wipro.gp.DoctorServiceApplication    : Starting DoctorServiceApplication using Java 21.0.7 with PID 9420 (C:\Users\KARTHIK RAM\Documents\sts-wipro-microservicesGroupProject\Doctor-Service\target\classes started by KARTHIK RAM in C:\Users\KARTHIK RAM\Documents\sts-wipro-microservicesGroupProject\Doctor-Service)
2025-08-16T03:03:27.823+05:30  INFO 9420 --- [DOCTOR-SERVICE] [restartedMain] [                                                 ] com.wipro.gp.DoctorServiceApplication    : No active profile set, falling back to 1 default profile: "default"
2025-08-16T03:03:27.831+05:30  INFO 9420 --- [DOCTOR-SERVICE] [restartedMain] [                                                 ] o.s.c.c.c.ConfigServerConfigDataLoader   : Fetching config from server at : http://localhost:9094
2025-08-16T03:03:27.832+05:30  INFO 9420 --- [DOCTOR-SERVICE] [restartedMain] [                                                 ] o.s.c.c.c.ConfigServerConfigDataLoader   : Located environment: name=DOCTOR-SERVICE, profiles=[default], label=null, version=4dad9656a29741fba1fbc85c25258fb005cccdc0, state=
2025-08-16T03:03:29.480+05:30  INFO 9420 --- [DOCTOR-SERVICE] [restartedMain] [                                                 ] .s.d.r.c.RepositoryConfigurationDelegate : Bootstrapping Spring Data JPA repositories in DEFAULT mode.
2025-08-16T03:03:29.526+05:30  INFO 9420 --- [DOCTOR-SERVICE] [restartedMain] [                                                 ] .s.d.r.c.RepositoryConfigurationDelegate : Finished Spring Data repository scanning in 36 ms. Found 1 JPA repository interface.
2025-08-16T03:03:29.884+05:30  INFO 9420 --- [DOCTOR-SERVICE] [restartedMain] [                                                 ] o.s.cloud.context.scope.GenericScope     : BeanFactory id=fc71a4b0-e6ab-335a-b16b-011d84d41987
2025-08-16T03:03:31.019+05:30  INFO 9420 --- [DOCTOR-SERVICE] [restartedMain] [                                                 ] o.s.b.w.embedded.tomcat.TomcatWebServer  : Tomcat initialized with port 8089 (http)
2025-08-16T03:03:31.025+05:30  INFO 9420 --- [DOCTOR-SERVICE] [restartedMain] [                                                 ] o.apache.catalina.core.StandardService   : Starting service [Tomcat]
2025-08-16T03:03:31.026+05:30  INFO 9420 --- [DOCTOR-SERVICE] [restartedMain] [                                                 ] o.apache.catalina.core.StandardEngine    : Starting Servlet engine: [Apache Tomcat/10.1.43]
2025-08-16T03:03:31.143+05:30  INFO 9420 --- [DOCTOR-SERVICE] [restartedMain] [                                                 ] o.a.c.c.C.[Tomcat].[localhost].[/]       : Initializing Spring embedded WebApplicationContext
2025-08-16T03:03:31.143+05:30  INFO 9420 --- [DOCTOR-SERVICE] [restartedMain] [                                                 ] w.s.c.ServletWebServerApplicationContext : Root WebApplicationContext: initialization completed in 3310 ms
2025-08-16T03:03:32.469+05:30  INFO 9420 --- [DOCTOR-SERVICE] [restartedMain] [                                                 ] o.hibernate.jpa.internal.util.LogHelper  : HHH000204: Processing PersistenceUnitInfo [name: default]
2025-08-16T03:03:32.480+05:30  INFO 9420 --- [DOCTOR-SERVICE] [restartedMain] [                                                 ] o.h.c.internal.RegionFactoryInitiator    : HHH000026: Second-level cache disabled
2025-08-16T03:03:32.531+05:30  INFO 9420 --- [DOCTOR-SERVICE] [restartedMain] [                                                 ] o.s.o.j.p.SpringPersistenceUnitInfo      : No LoadTimeWeaver setup: ignoring JPA class transformer
2025-08-16T03:03:32.540+05:30  INFO 9420 --- [DOCTOR-SERVICE] [restartedMain] [                                                 ] com.zaxxer.hikari.HikariDataSource       : HikariPool-2 - Starting...
2025-08-16T03:03:32.596+05:30  INFO 9420 --- [DOCTOR-SERVICE] [restartedMain] [                                                 ] com.zaxxer.hikari.pool.HikariPool        : HikariPool-2 - Added connection com.mysql.cj.jdbc.ConnectionImpl@40197596
2025-08-16T03:03:32.597+05:30  INFO 9420 --- [DOCTOR-SERVICE] [restartedMain] [                                                 ] com.zaxxer.hikari.HikariDataSource       : HikariPool-2 - Start completed.
2025-08-16T03:03:32.603+05:30  WARN 9420 --- [DOCTOR-SERVICE] [restartedMain] [                                                 ] org.hibernate.orm.deprecation            : HHH90000025: MySQLDialect does not need to be specified explicitly using 'hibernate.dialect' (remove the property setting and it will be selected by default)
2025-08-16T03:03:32.604+05:30  INFO 9420 --- [DOCTOR-SERVICE] [restartedMain] [                                                 ] org.hibernate.orm.connections.pooling    : HHH10001005: Database info:
	Database JDBC URL [Connecting through datasource 'HikariDataSource (HikariPool-2)']
	Database driver: undefined/unknown
	Database version: 8.0.36
	Autocommit mode: undefined/unknown
	Isolation level: undefined/unknown
	Minimum pool size: undefined/unknown
	Maximum pool size: undefined/unknown
2025-08-16T03:03:32.767+05:30  INFO 9420 --- [DOCTOR-SERVICE] [restartedMain] [                                                 ] o.h.e.t.j.p.i.JtaPlatformInitiator       : HHH000489: No JTA platform available (set 'hibernate.transaction.jta.platform' to enable JTA platform integration)
2025-08-16T03:03:32.849+05:30  INFO 9420 --- [DOCTOR-SERVICE] [restartedMain] [                                                 ] j.LocalContainerEntityManagerFactoryBean : Initialized JPA EntityManagerFactory for persistence unit 'default'
2025-08-16T03:03:33.658+05:30  WARN 9420 --- [DOCTOR-SERVICE] [restartedMain] [                                                 ] JpaBaseConfiguration$JpaWebConfiguration : spring.jpa.open-in-view is enabled by default. Therefore, database queries may be performed during view rendering. Explicitly configure spring.jpa.open-in-view to disable this warning
2025-08-16T03:03:38.134+05:30  WARN 9420 --- [DOCTOR-SERVICE] [restartedMain] [                                                 ] o.s.b.d.a.OptionalLiveReloadServer       : Unable to start LiveReload server
2025-08-16T03:03:38.310+05:30  INFO 9420 --- [DOCTOR-SERVICE] [restartedMain] [                                                 ] DiscoveryClientOptionalArgsConfiguration : Eureka HTTP Client uses RestTemplate.
2025-08-16T03:03:38.615+05:30  WARN 9420 --- [DOCTOR-SERVICE] [restartedMain] [                                                 ] iguration$LoadBalancerCaffeineWarnLogger : Spring Cloud LoadBalancer is currently working with the default cache. While this cache implementation is useful for development and tests, it's recommended to use Caffeine cache in production.You can switch to using Caffeine cache, by adding it and org.springframework.cache.caffeine.CaffeineCacheManager to the classpath.
2025-08-16T03:03:38.710+05:30  INFO 9420 --- [DOCTOR-SERVICE] [restartedMain] [                                                 ] o.s.b.a.e.web.EndpointLinksResolver      : Exposing 1 endpoint beneath base path '/actuator'
2025-08-16T03:03:38.942+05:30  INFO 9420 --- [DOCTOR-SERVICE] [restartedMain] [                                                 ] o.s.c.n.eureka.InstanceInfoFactory       : Setting initial instance status as: STARTING
2025-08-16T03:03:38.960+05:30  INFO 9420 --- [DOCTOR-SERVICE] [restartedMain] [                                                 ] com.netflix.discovery.DiscoveryClient    : Initializing Eureka in region us-east-1
2025-08-16T03:03:38.961+05:30  INFO 9420 --- [DOCTOR-SERVICE] [restartedMain] [                                                 ] c.n.d.s.r.aws.ConfigClusterResolver      : Resolving eureka endpoints via configuration
2025-08-16T03:03:38.962+05:30  INFO 9420 --- [DOCTOR-SERVICE] [restartedMain] [                                                 ] com.netflix.discovery.DiscoveryClient    : Disable delta property : false
2025-08-16T03:03:38.962+05:30  INFO 9420 --- [DOCTOR-SERVICE] [restartedMain] [                                                 ] com.netflix.discovery.DiscoveryClient    : Single vip registry refresh property : null
2025-08-16T03:03:38.963+05:30  INFO 9420 --- [DOCTOR-SERVICE] [restartedMain] [                                                 ] com.netflix.discovery.DiscoveryClient    : Force full registry fetch : false
2025-08-16T03:03:38.963+05:30  INFO 9420 --- [DOCTOR-SERVICE] [restartedMain] [                                                 ] com.netflix.discovery.DiscoveryClient    : Application is null : false
2025-08-16T03:03:38.964+05:30  INFO 9420 --- [DOCTOR-SERVICE] [restartedMain] [                                                 ] com.netflix.discovery.DiscoveryClient    : Registered Applications size is zero : true
2025-08-16T03:03:38.964+05:30  INFO 9420 --- [DOCTOR-SERVICE] [restartedMain] [                                                 ] com.netflix.discovery.DiscoveryClient    : Application version is -1: true
2025-08-16T03:03:38.965+05:30  INFO 9420 --- [DOCTOR-SERVICE] [restartedMain] [                                                 ] com.netflix.discovery.DiscoveryClient    : Getting all instance registry info from the eureka server
2025-08-16T03:03:39.105+05:30  INFO 9420 --- [DOCTOR-SERVICE] [restartedMain] [                                                 ] com.netflix.discovery.DiscoveryClient    : The response status is 200
2025-08-16T03:03:39.107+05:30  INFO 9420 --- [DOCTOR-SERVICE] [restartedMain] [                                                 ] com.netflix.discovery.DiscoveryClient    : Starting heartbeat executor: renew interval is: 30
2025-08-16T03:03:39.108+05:30  INFO 9420 --- [DOCTOR-SERVICE] [restartedMain] [                                                 ] c.n.discovery.InstanceInfoReplicator     : InstanceInfoReplicator onDemand update allowed rate per min is 4
2025-08-16T03:03:39.109+05:30  INFO 9420 --- [DOCTOR-SERVICE] [restartedMain] [                                                 ] com.netflix.discovery.DiscoveryClient    : Discovery Client initialized at timestamp 1755293619109 with initial instances count: 4
2025-08-16T03:03:39.154+05:30  INFO 9420 --- [DOCTOR-SERVICE] [restartedMain] [                                                 ] o.s.c.n.e.s.EurekaServiceRegistry        : Registering application DOCTOR-SERVICE with eureka with status UP
2025-08-16T03:03:39.155+05:30  INFO 9420 --- [DOCTOR-SERVICE] [restartedMain] [                                                 ] com.netflix.discovery.DiscoveryClient    : Saw local status change event StatusChangeEvent [timestamp=1755293619155, current=UP, previous=STARTING]
2025-08-16T03:03:39.155+05:30  INFO 9420 --- [DOCTOR-SERVICE] [DiscoveryClient-InstanceInfoReplicator-%d] [                                                 ] com.netflix.discovery.DiscoveryClient    : DiscoveryClient_DOCTOR-SERVICE/KarthikPc:DOCTOR-SERVICE:8089: registering service...
2025-08-16T03:03:39.168+05:30  INFO 9420 --- [DOCTOR-SERVICE] [restartedMain] [                                                 ] o.s.b.w.embedded.tomcat.TomcatWebServer  : Tomcat started on port 8089 (http) with context path '/'
2025-08-16T03:03:39.171+05:30  INFO 9420 --- [DOCTOR-SERVICE] [restartedMain] [                                                 ] .s.c.n.e.s.EurekaAutoServiceRegistration : Updating port to 8089
2025-08-16T03:03:39.210+05:30  INFO 9420 --- [DOCTOR-SERVICE] [DiscoveryClient-InstanceInfoReplicator-%d] [                                                 ] com.netflix.discovery.DiscoveryClient    : DiscoveryClient_DOCTOR-SERVICE/KarthikPc:DOCTOR-SERVICE:8089 - registration status: 204
2025-08-16T03:03:39.235+05:30  INFO 9420 --- [DOCTOR-SERVICE] [restartedMain] [                                                 ] com.wipro.gp.DoctorServiceApplication    : Started DoctorServiceApplication in 12.985 seconds (process running for 2989.276)
2025-08-16T03:03:39.245+05:30  INFO 9420 --- [DOCTOR-SERVICE] [restartedMain] [                                                 ] .ConditionEvaluationDeltaLoggingListener : Condition evaluation unchanged
2025-08-16T03:03:39.565+05:30  INFO 9420 --- [DOCTOR-SERVICE] [File Watcher] [                                                 ] rtingClassPathChangeChangedEventListener : Restarting due to 3 class path changes (0 additions, 0 deletions, 3 modifications)
2025-08-16T03:03:39.568+05:30  INFO 9420 --- [DOCTOR-SERVICE] [Thread-7] [                                                 ] o.s.c.n.e.s.EurekaServiceRegistry        : Unregistering application DOCTOR-SERVICE with eureka with status DOWN
2025-08-16T03:03:39.568+05:30  INFO 9420 --- [DOCTOR-SERVICE] [Thread-7] [                                                 ] com.netflix.discovery.DiscoveryClient    : Saw local status change event StatusChangeEvent [timestamp=1755293619568, current=DOWN, previous=UP]
2025-08-16T03:03:39.569+05:30  INFO 9420 --- [DOCTOR-SERVICE] [DiscoveryClient-InstanceInfoReplicator-%d] [                                                 ] com.netflix.discovery.DiscoveryClient    : DiscoveryClient_DOCTOR-SERVICE/KarthikPc:DOCTOR-SERVICE:8089: registering service...
2025-08-16T03:03:39.571+05:30  INFO 9420 --- [DOCTOR-SERVICE] [Thread-7] [                                                 ] o.s.b.w.e.tomcat.GracefulShutdown        : Commencing graceful shutdown. Waiting for active requests to complete
2025-08-16T03:03:39.581+05:30  INFO 9420 --- [DOCTOR-SERVICE] [DiscoveryClient-InstanceInfoReplicator-%d] [                                                 ] com.netflix.discovery.DiscoveryClient    : DiscoveryClient_DOCTOR-SERVICE/KarthikPc:DOCTOR-SERVICE:8089 - registration status: 204
2025-08-16T03:03:39.593+05:30  INFO 9420 --- [DOCTOR-SERVICE] [tomcat-shutdown] [                                                 ] o.s.b.w.e.tomcat.GracefulShutdown        : Graceful shutdown complete
2025-08-16T03:03:39.608+05:30  INFO 9420 --- [DOCTOR-SERVICE] [Thread-7] [                                                 ] j.LocalContainerEntityManagerFactoryBean : Closing JPA EntityManagerFactory for persistence unit 'default'
2025-08-16T03:03:39.611+05:30  INFO 9420 --- [DOCTOR-SERVICE] [Thread-7] [                                                 ] com.zaxxer.hikari.HikariDataSource       : HikariPool-2 - Shutdown initiated...
2025-08-16T03:03:39.621+05:30  INFO 9420 --- [DOCTOR-SERVICE] [Thread-7] [                                                 ] com.zaxxer.hikari.HikariDataSource       : HikariPool-2 - Shutdown completed.
2025-08-16T03:03:40.141+05:30  INFO 9420 --- [DOCTOR-SERVICE] [Thread-7] [                                                 ] com.netflix.discovery.DiscoveryClient    : Shutting down DiscoveryClient ...
2025-08-16T03:03:43.143+05:30  INFO 9420 --- [DOCTOR-SERVICE] [Thread-7] [                                                 ] com.netflix.discovery.DiscoveryClient    : Unregistering ...
2025-08-16T03:03:43.165+05:30  INFO 9420 --- [DOCTOR-SERVICE] [Thread-7] [                                                 ] com.netflix.discovery.DiscoveryClient    : DiscoveryClient_DOCTOR-SERVICE/KarthikPc:DOCTOR-SERVICE:8089 - deregister  status: 200
2025-08-16T03:03:43.166+05:30  INFO 9420 --- [DOCTOR-SERVICE] [Thread-7] [                                                 ] com.netflix.discovery.DiscoveryClient    : Completed shut down of DiscoveryClient
2025-08-16T03:03:44.535+05:30  INFO 9420 --- [DOCTOR-SERVICE] [restartedMain] [                                                 ] com.wipro.gp.DoctorServiceApplication    : Starting DoctorServiceApplication using Java 21.0.7 with PID 9420 (C:\Users\KARTHIK RAM\Documents\sts-wipro-microservicesGroupProject\Doctor-Service\target\classes started by KARTHIK RAM in C:\Users\KARTHIK RAM\Documents\sts-wipro-microservicesGroupProject\Doctor-Service)
2025-08-16T03:03:44.536+05:30  INFO 9420 --- [DOCTOR-SERVICE] [restartedMain] [                                                 ] com.wipro.gp.DoctorServiceApplication    : No active profile set, falling back to 1 default profile: "default"
2025-08-16T03:03:44.540+05:30  INFO 9420 --- [DOCTOR-SERVICE] [restartedMain] [                                                 ] o.s.c.c.c.ConfigServerConfigDataLoader   : Fetching config from server at : http://localhost:9094
2025-08-16T03:03:44.540+05:30  INFO 9420 --- [DOCTOR-SERVICE] [restartedMain] [                                                 ] o.s.c.c.c.ConfigServerConfigDataLoader   : Located environment: name=DOCTOR-SERVICE, profiles=[default], label=null, version=4dad9656a29741fba1fbc85c25258fb005cccdc0, state=
2025-08-16T03:03:45.734+05:30  INFO 9420 --- [DOCTOR-SERVICE] [restartedMain] [                                                 ] .s.d.r.c.RepositoryConfigurationDelegate : Bootstrapping Spring Data JPA repositories in DEFAULT mode.
2025-08-16T03:03:45.768+05:30  INFO 9420 --- [DOCTOR-SERVICE] [restartedMain] [                                                 ] .s.d.r.c.RepositoryConfigurationDelegate : Finished Spring Data repository scanning in 23 ms. Found 1 JPA repository interface.
2025-08-16T03:03:45.987+05:30  INFO 9420 --- [DOCTOR-SERVICE] [restartedMain] [                                                 ] o.s.cloud.context.scope.GenericScope     : BeanFactory id=fc71a4b0-e6ab-335a-b16b-011d84d41987
2025-08-16T03:03:46.750+05:30  INFO 9420 --- [DOCTOR-SERVICE] [restartedMain] [                                                 ] o.s.b.w.embedded.tomcat.TomcatWebServer  : Tomcat initialized with port 8089 (http)
2025-08-16T03:03:46.752+05:30  INFO 9420 --- [DOCTOR-SERVICE] [restartedMain] [                                                 ] o.apache.catalina.core.StandardService   : Starting service [Tomcat]
2025-08-16T03:03:46.753+05:30  INFO 9420 --- [DOCTOR-SERVICE] [restartedMain] [                                                 ] o.apache.catalina.core.StandardEngine    : Starting Servlet engine: [Apache Tomcat/10.1.43]
2025-08-16T03:03:46.862+05:30  INFO 9420 --- [DOCTOR-SERVICE] [restartedMain] [                                                 ] o.a.c.c.C.[Tomcat].[localhost].[/]       : Initializing Spring embedded WebApplicationContext
2025-08-16T03:03:46.862+05:30  INFO 9420 --- [DOCTOR-SERVICE] [restartedMain] [                                                 ] w.s.c.ServletWebServerApplicationContext : Root WebApplicationContext: initialization completed in 2321 ms
2025-08-16T03:03:48.200+05:30  INFO 9420 --- [DOCTOR-SERVICE] [restartedMain] [                                                 ] o.hibernate.jpa.internal.util.LogHelper  : HHH000204: Processing PersistenceUnitInfo [name: default]
2025-08-16T03:03:48.209+05:30  INFO 9420 --- [DOCTOR-SERVICE] [restartedMain] [                                                 ] o.h.c.internal.RegionFactoryInitiator    : HHH000026: Second-level cache disabled
2025-08-16T03:03:48.243+05:30  INFO 9420 --- [DOCTOR-SERVICE] [restartedMain] [                                                 ] o.s.o.j.p.SpringPersistenceUnitInfo      : No LoadTimeWeaver setup: ignoring JPA class transformer
2025-08-16T03:03:48.245+05:30  INFO 9420 --- [DOCTOR-SERVICE] [restartedMain] [                                                 ] com.zaxxer.hikari.HikariDataSource       : HikariPool-3 - Starting...
2025-08-16T03:03:48.326+05:30  INFO 9420 --- [DOCTOR-SERVICE] [restartedMain] [                                                 ] com.zaxxer.hikari.pool.HikariPool        : HikariPool-3 - Added connection com.mysql.cj.jdbc.ConnectionImpl@5a276045
2025-08-16T03:03:48.327+05:30  INFO 9420 --- [DOCTOR-SERVICE] [restartedMain] [                                                 ] com.zaxxer.hikari.HikariDataSource       : HikariPool-3 - Start completed.
2025-08-16T03:03:48.340+05:30  WARN 9420 --- [DOCTOR-SERVICE] [restartedMain] [                                                 ] org.hibernate.orm.deprecation            : HHH90000025: MySQLDialect does not need to be specified explicitly using 'hibernate.dialect' (remove the property setting and it will be selected by default)
2025-08-16T03:03:48.340+05:30  INFO 9420 --- [DOCTOR-SERVICE] [restartedMain] [                                                 ] org.hibernate.orm.connections.pooling    : HHH10001005: Database info:
	Database JDBC URL [Connecting through datasource 'HikariDataSource (HikariPool-3)']
	Database driver: undefined/unknown
	Database version: 8.0.36
	Autocommit mode: undefined/unknown
	Isolation level: undefined/unknown
	Minimum pool size: undefined/unknown
	Maximum pool size: undefined/unknown
2025-08-16T03:03:48.538+05:30  INFO 9420 --- [DOCTOR-SERVICE] [restartedMain] [                                                 ] o.h.e.t.j.p.i.JtaPlatformInitiator       : HHH000489: No JTA platform available (set 'hibernate.transaction.jta.platform' to enable JTA platform integration)
2025-08-16T03:03:48.595+05:30  INFO 9420 --- [DOCTOR-SERVICE] [restartedMain] [                                                 ] j.LocalContainerEntityManagerFactoryBean : Initialized JPA EntityManagerFactory for persistence unit 'default'
2025-08-16T03:03:49.417+05:30  WARN 9420 --- [DOCTOR-SERVICE] [restartedMain] [                                                 ] JpaBaseConfiguration$JpaWebConfiguration : spring.jpa.open-in-view is enabled by default. Therefore, database queries may be performed during view rendering. Explicitly configure spring.jpa.open-in-view to disable this warning
2025-08-16T03:03:53.864+05:30  WARN 9420 --- [DOCTOR-SERVICE] [restartedMain] [                                                 ] o.s.b.d.a.OptionalLiveReloadServer       : Unable to start LiveReload server
2025-08-16T03:03:54.037+05:30  INFO 9420 --- [DOCTOR-SERVICE] [restartedMain] [                                                 ] DiscoveryClientOptionalArgsConfiguration : Eureka HTTP Client uses RestTemplate.
2025-08-16T03:03:54.299+05:30  WARN 9420 --- [DOCTOR-SERVICE] [restartedMain] [                                                 ] iguration$LoadBalancerCaffeineWarnLogger : Spring Cloud LoadBalancer is currently working with the default cache. While this cache implementation is useful for development and tests, it's recommended to use Caffeine cache in production.You can switch to using Caffeine cache, by adding it and org.springframework.cache.caffeine.CaffeineCacheManager to the classpath.
2025-08-16T03:03:54.343+05:30  INFO 9420 --- [DOCTOR-SERVICE] [restartedMain] [                                                 ] o.s.b.a.e.web.EndpointLinksResolver      : Exposing 1 endpoint beneath base path '/actuator'
2025-08-16T03:03:54.532+05:30  INFO 9420 --- [DOCTOR-SERVICE] [restartedMain] [                                                 ] o.s.c.n.eureka.InstanceInfoFactory       : Setting initial instance status as: STARTING
2025-08-16T03:03:54.548+05:30  INFO 9420 --- [DOCTOR-SERVICE] [restartedMain] [                                                 ] com.netflix.discovery.DiscoveryClient    : Initializing Eureka in region us-east-1
2025-08-16T03:03:54.549+05:30  INFO 9420 --- [DOCTOR-SERVICE] [restartedMain] [                                                 ] c.n.d.s.r.aws.ConfigClusterResolver      : Resolving eureka endpoints via configuration
2025-08-16T03:03:54.550+05:30  INFO 9420 --- [DOCTOR-SERVICE] [restartedMain] [                                                 ] com.netflix.discovery.DiscoveryClient    : Disable delta property : false
2025-08-16T03:03:54.550+05:30  INFO 9420 --- [DOCTOR-SERVICE] [restartedMain] [                                                 ] com.netflix.discovery.DiscoveryClient    : Single vip registry refresh property : null
2025-08-16T03:03:54.551+05:30  INFO 9420 --- [DOCTOR-SERVICE] [restartedMain] [                                                 ] com.netflix.discovery.DiscoveryClient    : Force full registry fetch : false
2025-08-16T03:03:54.551+05:30  INFO 9420 --- [DOCTOR-SERVICE] [restartedMain] [                                                 ] com.netflix.discovery.DiscoveryClient    : Application is null : false
2025-08-16T03:03:54.551+05:30  INFO 9420 --- [DOCTOR-SERVICE] [restartedMain] [                                                 ] com.netflix.discovery.DiscoveryClient    : Registered Applications size is zero : true
2025-08-16T03:03:54.551+05:30  INFO 9420 --- [DOCTOR-SERVICE] [restartedMain] [                                                 ] com.netflix.discovery.DiscoveryClient    : Application version is -1: true
2025-08-16T03:03:54.551+05:30  INFO 9420 --- [DOCTOR-SERVICE] [restartedMain] [                                                 ] com.netflix.discovery.DiscoveryClient    : Getting all instance registry info from the eureka server
2025-08-16T03:03:54.672+05:30  INFO 9420 --- [DOCTOR-SERVICE] [restartedMain] [                                                 ] com.netflix.discovery.DiscoveryClient    : The response status is 200
2025-08-16T03:03:54.673+05:30  INFO 9420 --- [DOCTOR-SERVICE] [restartedMain] [                                                 ] com.netflix.discovery.DiscoveryClient    : Starting heartbeat executor: renew interval is: 30
2025-08-16T03:03:54.674+05:30  INFO 9420 --- [DOCTOR-SERVICE] [restartedMain] [                                                 ] c.n.discovery.InstanceInfoReplicator     : InstanceInfoReplicator onDemand update allowed rate per min is 4
2025-08-16T03:03:54.675+05:30  INFO 9420 --- [DOCTOR-SERVICE] [restartedMain] [                                                 ] com.netflix.discovery.DiscoveryClient    : Discovery Client initialized at timestamp 1755293634675 with initial instances count: 4
2025-08-16T03:03:54.717+05:30  INFO 9420 --- [DOCTOR-SERVICE] [restartedMain] [                                                 ] o.s.c.n.e.s.EurekaServiceRegistry        : Registering application DOCTOR-SERVICE with eureka with status UP
2025-08-16T03:03:54.718+05:30  INFO 9420 --- [DOCTOR-SERVICE] [restartedMain] [                                                 ] com.netflix.discovery.DiscoveryClient    : Saw local status change event StatusChangeEvent [timestamp=1755293634718, current=UP, previous=STARTING]
2025-08-16T03:03:54.718+05:30  INFO 9420 --- [DOCTOR-SERVICE] [DiscoveryClient-InstanceInfoReplicator-%d] [                                                 ] com.netflix.discovery.DiscoveryClient    : DiscoveryClient_DOCTOR-SERVICE/KarthikPc:DOCTOR-SERVICE:8089: registering service...
2025-08-16T03:03:54.731+05:30  INFO 9420 --- [DOCTOR-SERVICE] [restartedMain] [                                                 ] o.s.b.w.embedded.tomcat.TomcatWebServer  : Tomcat started on port 8089 (http) with context path '/'
2025-08-16T03:03:54.733+05:30  INFO 9420 --- [DOCTOR-SERVICE] [restartedMain] [                                                 ] .s.c.n.e.s.EurekaAutoServiceRegistration : Updating port to 8089
2025-08-16T03:03:54.758+05:30  INFO 9420 --- [DOCTOR-SERVICE] [DiscoveryClient-InstanceInfoReplicator-%d] [                                                 ] com.netflix.discovery.DiscoveryClient    : DiscoveryClient_DOCTOR-SERVICE/KarthikPc:DOCTOR-SERVICE:8089 - registration status: 204
2025-08-16T03:03:54.780+05:30  INFO 9420 --- [DOCTOR-SERVICE] [restartedMain] [                                                 ] com.wipro.gp.DoctorServiceApplication    : Started DoctorServiceApplication in 11.417 seconds (process running for 3004.822)
2025-08-16T03:03:54.785+05:30  INFO 9420 --- [DOCTOR-SERVICE] [restartedMain] [                                                 ] .ConditionEvaluationDeltaLoggingListener : Condition evaluation unchanged
2025-08-16T03:05:01.940+05:30  INFO 9420 --- [DOCTOR-SERVICE] [http-nio-8089-exec-2] [                                                 ] o.a.c.c.C.[Tomcat].[localhost].[/]       : Initializing Spring DispatcherServlet 'dispatcherServlet'
2025-08-16T03:05:01.940+05:30  INFO 9420 --- [DOCTOR-SERVICE] [http-nio-8089-exec-2] [                                                 ] o.s.web.servlet.DispatcherServlet        : Initializing Servlet 'dispatcherServlet'
2025-08-16T03:05:01.940+05:30  INFO 9420 --- [DOCTOR-SERVICE] [http-nio-8089-exec-2] [                                                 ] o.s.web.servlet.DispatcherServlet        : Completed initialization in 0 ms
2025-08-16T03:05:01.987+05:30  WARN 9420 --- [DOCTOR-SERVICE] [http-nio-8089-exec-2] [689fa805a46bd7f18a08d811afd7f1a0-8a08d811afd7f1a0] .w.s.m.s.DefaultHandlerExceptionResolver : Resolved [org.springframework.web.method.annotation.MethodArgumentTypeMismatchException: Method parameter 'id': Failed to convert value of type 'java.lang.String' to required type 'java.lang.Long'; For input string: "save"]
2025-08-16T03:08:54.564+05:30  INFO 9420 --- [DOCTOR-SERVICE] [AsyncResolver-bootstrap-executor-%d] [                                                 ] c.n.d.s.r.aws.ConfigClusterResolver      : Resolving eureka endpoints via configuration
2025-08-16T03:13:54.580+05:30  INFO 9420 --- [DOCTOR-SERVICE] [AsyncResolver-bootstrap-executor-%d] [                                                 ] c.n.d.s.r.aws.ConfigClusterResolver      : Resolving eureka endpoints via configuration
2025-08-16T03:18:54.586+05:30  INFO 9420 --- [DOCTOR-SERVICE] [AsyncResolver-bootstrap-executor-%d] [                                                 ] c.n.d.s.r.aws.ConfigClusterResolver      : Resolving eureka endpoints via configuration
2025-08-16T03:23:54.603+05:30  INFO 9420 --- [DOCTOR-SERVICE] [AsyncResolver-bootstrap-executor-%d] [                                                 ] c.n.d.s.r.aws.ConfigClusterResolver      : Resolving eureka endpoints via configuration
2025-08-16T03:28:54.607+05:30  INFO 9420 --- [DOCTOR-SERVICE] [AsyncResolver-bootstrap-executor-%d] [                                                 ] c.n.d.s.r.aws.ConfigClusterResolver      : Resolving eureka endpoints via configuration
2025-08-16T03:33:54.623+05:30  INFO 9420 --- [DOCTOR-SERVICE] [AsyncResolver-bootstrap-executor-%d] [                                                 ] c.n.d.s.r.aws.ConfigClusterResolver      : Resolving eureka endpoints via configuration
2025-08-16T03:38:54.644+05:30  INFO 9420 --- [DOCTOR-SERVICE] [AsyncResolver-bootstrap-executor-%d] [                                                 ] c.n.d.s.r.aws.ConfigClusterResolver      : Resolving eureka endpoints via configuration
2025-08-16T03:43:54.666+05:30  INFO 9420 --- [DOCTOR-SERVICE] [AsyncResolver-bootstrap-executor-%d] [                                                 ] c.n.d.s.r.aws.ConfigClusterResolver      : Resolving eureka endpoints via configuration
2025-08-16T03:49:39.313+05:30  WARN 9420 --- [DOCTOR-SERVICE] [HikariPool-3:housekeeper] [                                                 ] com.zaxxer.hikari.pool.HikariPool        : HikariPool-3 - Thread starvation or clock leap detected (housekeeper delta=2m49s245ms46s500ns).
2025-08-16T03:51:34.598+05:30  INFO 9420 --- [DOCTOR-SERVICE] [AsyncResolver-bootstrap-executor-%d] [                                                 ] c.n.d.s.r.aws.ConfigClusterResolver      : Resolving eureka endpoints via configuration
2025-08-16T03:56:34.608+05:30  INFO 9420 --- [DOCTOR-SERVICE] [AsyncResolver-bootstrap-executor-%d] [                                                 ] c.n.d.s.r.aws.ConfigClusterResolver      : Resolving eureka endpoints via configuration
2025-08-16T04:01:34.615+05:30  INFO 9420 --- [DOCTOR-SERVICE] [AsyncResolver-bootstrap-executor-%d] [                                                 ] c.n.d.s.r.aws.ConfigClusterResolver      : Resolving eureka endpoints via configuration
2025-08-16T04:06:34.627+05:30  INFO 9420 --- [DOCTOR-SERVICE] [AsyncResolver-bootstrap-executor-%d] [                                                 ] c.n.d.s.r.aws.ConfigClusterResolver      : Resolving eureka endpoints via configuration
2025-08-16T04:11:34.686+05:30  INFO 9420 --- [DOCTOR-SERVICE] [AsyncResolver-bootstrap-executor-%d] [                                                 ] c.n.d.s.r.aws.ConfigClusterResolver      : Resolving eureka endpoints via configuration
2025-08-16T08:23:24.143+05:30  WARN 9420 --- [DOCTOR-SERVICE] [HikariPool-3:housekeeper] [                                                 ] com.zaxxer.hikari.pool.HikariPool        : HikariPool-3 - Thread starvation or clock leap detected (housekeeper delta=4h9m44s396ms1s800ns).
2025-08-16T08:25:49.143+05:30  INFO 9420 --- [DOCTOR-SERVICE] [AsyncResolver-bootstrap-executor-%d] [                                                 ] c.n.d.s.r.aws.ConfigClusterResolver      : Resolving eureka endpoints via configuration
2025-08-16T08:30:49.151+05:30  INFO 9420 --- [DOCTOR-SERVICE] [AsyncResolver-bootstrap-executor-%d] [                                                 ] c.n.d.s.r.aws.ConfigClusterResolver      : Resolving eureka endpoints via configuration
2025-08-16T08:35:49.156+05:30  INFO 9420 --- [DOCTOR-SERVICE] [AsyncResolver-bootstrap-executor-%d] [                                                 ] c.n.d.s.r.aws.ConfigClusterResolver      : Resolving eureka endpoints via configuration
2025-08-16T08:40:49.161+05:30  INFO 9420 --- [DOCTOR-SERVICE] [AsyncResolver-bootstrap-executor-%d] [                                                 ] c.n.d.s.r.aws.ConfigClusterResolver      : Resolving eureka endpoints via configuration
2025-08-16T08:45:49.177+05:30  INFO 9420 --- [DOCTOR-SERVICE] [AsyncResolver-bootstrap-executor-%d] [                                                 ] c.n.d.s.r.aws.ConfigClusterResolver      : Resolving eureka endpoints via configuration
2025-08-16T08:50:49.194+05:30  INFO 9420 --- [DOCTOR-SERVICE] [AsyncResolver-bootstrap-executor-%d] [                                                 ] c.n.d.s.r.aws.ConfigClusterResolver      : Resolving eureka endpoints via configuration
2025-08-16T08:55:49.222+05:30  INFO 9420 --- [DOCTOR-SERVICE] [AsyncResolver-bootstrap-executor-%d] [                                                 ] c.n.d.s.r.aws.ConfigClusterResolver      : Resolving eureka endpoints via configuration
2025-08-16T09:00:49.250+05:30  INFO 9420 --- [DOCTOR-SERVICE] [AsyncResolver-bootstrap-executor-%d] [                                                 ] c.n.d.s.r.aws.ConfigClusterResolver      : Resolving eureka endpoints via configuration
2025-08-16T09:05:49.303+05:30  INFO 9420 --- [DOCTOR-SERVICE] [AsyncResolver-bootstrap-executor-%d] [                                                 ] c.n.d.s.r.aws.ConfigClusterResolver      : Resolving eureka endpoints via configuration
2025-08-16T09:10:49.483+05:30  INFO 9420 --- [DOCTOR-SERVICE] [AsyncResolver-bootstrap-executor-%d] [                                                 ] c.n.d.s.r.aws.ConfigClusterResolver      : Resolving eureka endpoints via configuration
2025-08-16T09:15:49.505+05:30  INFO 9420 --- [DOCTOR-SERVICE] [AsyncResolver-bootstrap-executor-%d] [                                                 ] c.n.d.s.r.aws.ConfigClusterResolver      : Resolving eureka endpoints via configuration
2025-08-16T09:20:49.521+05:30  INFO 9420 --- [DOCTOR-SERVICE] [AsyncResolver-bootstrap-executor-%d] [                                                 ] c.n.d.s.r.aws.ConfigClusterResolver      : Resolving eureka endpoints via configuration
2025-08-16T09:25:49.553+05:30  INFO 9420 --- [DOCTOR-SERVICE] [AsyncResolver-bootstrap-executor-%d] [                                                 ] c.n.d.s.r.aws.ConfigClusterResolver      : Resolving eureka endpoints via configuration
2025-08-16T09:30:49.586+05:30  INFO 9420 --- [DOCTOR-SERVICE] [AsyncResolver-bootstrap-executor-%d] [                                                 ] c.n.d.s.r.aws.ConfigClusterResolver      : Resolving eureka endpoints via configuration
2025-08-16T09:35:49.613+05:30  INFO 9420 --- [DOCTOR-SERVICE] [AsyncResolver-bootstrap-executor-%d] [                                                 ] c.n.d.s.r.aws.ConfigClusterResolver      : Resolving eureka endpoints via configuration
2025-08-16T09:40:49.637+05:30  INFO 9420 --- [DOCTOR-SERVICE] [AsyncResolver-bootstrap-executor-%d] [                                                 ] c.n.d.s.r.aws.ConfigClusterResolver      : Resolving eureka endpoints via configuration
2025-08-16T09:45:49.671+05:30  INFO 9420 --- [DOCTOR-SERVICE] [AsyncResolver-bootstrap-executor-%d] [                                                 ] c.n.d.s.r.aws.ConfigClusterResolver      : Resolving eureka endpoints via configuration
2025-08-16T09:50:49.698+05:30  INFO 9420 --- [DOCTOR-SERVICE] [AsyncResolver-bootstrap-executor-%d] [                                                 ] c.n.d.s.r.aws.ConfigClusterResolver      : Resolving eureka endpoints via configuration
2025-08-16T09:55:49.710+05:30  INFO 9420 --- [DOCTOR-SERVICE] [AsyncResolver-bootstrap-executor-%d] [                                                 ] c.n.d.s.r.aws.ConfigClusterResolver      : Resolving eureka endpoints via configuration
2025-08-16T10:00:49.735+05:30  INFO 9420 --- [DOCTOR-SERVICE] [AsyncResolver-bootstrap-executor-%d] [                                                 ] c.n.d.s.r.aws.ConfigClusterResolver      : Resolving eureka endpoints via configuration
2025-08-16T10:05:49.775+05:30  INFO 9420 --- [DOCTOR-SERVICE] [AsyncResolver-bootstrap-executor-%d] [                                                 ] c.n.d.s.r.aws.ConfigClusterResolver      : Resolving eureka endpoints via configuration
2025-08-16T10:10:49.790+05:30  INFO 9420 --- [DOCTOR-SERVICE] [AsyncResolver-bootstrap-executor-%d] [                                                 ] c.n.d.s.r.aws.ConfigClusterResolver      : Resolving eureka endpoints via configuration
2025-08-16T10:15:49.813+05:30  INFO 9420 --- [DOCTOR-SERVICE] [AsyncResolver-bootstrap-executor-%d] [                                                 ] c.n.d.s.r.aws.ConfigClusterResolver      : Resolving eureka endpoints via configuration
2025-08-16T10:20:49.865+05:30  INFO 9420 --- [DOCTOR-SERVICE] [AsyncResolver-bootstrap-executor-%d] [                                                 ] c.n.d.s.r.aws.ConfigClusterResolver      : Resolving eureka endpoints via configuration
2025-08-16T10:25:49.895+05:30  INFO 9420 --- [DOCTOR-SERVICE] [AsyncResolver-bootstrap-executor-%d] [                                                 ] c.n.d.s.r.aws.ConfigClusterResolver      : Resolving eureka endpoints via configuration
2025-08-16T10:30:49.921+05:30  INFO 9420 --- [DOCTOR-SERVICE] [AsyncResolver-bootstrap-executor-%d] [                                                 ] c.n.d.s.r.aws.ConfigClusterResolver      : Resolving eureka endpoints via configuration
2025-08-16T10:35:49.945+05:30  INFO 9420 --- [DOCTOR-SERVICE] [AsyncResolver-bootstrap-executor-%d] [                                                 ] c.n.d.s.r.aws.ConfigClusterResolver      : Resolving eureka endpoints via configuration
2025-08-16T10:40:49.983+05:30  INFO 9420 --- [DOCTOR-SERVICE] [AsyncResolver-bootstrap-executor-%d] [                                                 ] c.n.d.s.r.aws.ConfigClusterResolver      : Resolving eureka endpoints via configuration
2025-08-16T10:44:56.574+05:30  INFO 9420 --- [DOCTOR-SERVICE] [RMI TCP Connection(292)-127.0.0.1] [                                                 ] inMXBeanRegistrar$SpringApplicationAdmin : Application shutdown requested.
2025-08-16T10:44:56.736+05:30  INFO 9420 --- [DOCTOR-SERVICE] [RMI TCP Connection(292)-127.0.0.1] [                                                 ] o.s.c.n.e.s.EurekaServiceRegistry        : Unregistering application DOCTOR-SERVICE with eureka with status DOWN
2025-08-16T10:44:56.741+05:30  INFO 9420 --- [DOCTOR-SERVICE] [RMI TCP Connection(292)-127.0.0.1] [                                                 ] com.netflix.discovery.DiscoveryClient    : Saw local status change event StatusChangeEvent [timestamp=1755321296741, current=DOWN, previous=UP]
2025-08-16T10:44:56.748+05:30  INFO 9420 --- [DOCTOR-SERVICE] [DiscoveryClient-InstanceInfoReplicator-%d] [                                                 ] com.netflix.discovery.DiscoveryClient    : DiscoveryClient_DOCTOR-SERVICE/KarthikPc:DOCTOR-SERVICE:8089: registering service...
2025-08-16T10:44:56.985+05:30  INFO 9420 --- [DOCTOR-SERVICE] [RMI TCP Connection(292)-127.0.0.1] [                                                 ] o.s.b.w.e.tomcat.GracefulShutdown        : Commencing graceful shutdown. Waiting for active requests to complete
2025-08-16T10:44:57.051+05:30  INFO 9420 --- [DOCTOR-SERVICE] [DiscoveryClient-InstanceInfoReplicator-%d] [                                                 ] com.netflix.discovery.DiscoveryClient    : DiscoveryClient_DOCTOR-SERVICE/KarthikPc:DOCTOR-SERVICE:8089 - registration status: 204
2025-08-16T10:44:57.069+05:30  INFO 9420 --- [DOCTOR-SERVICE] [tomcat-shutdown] [                                                 ] o.s.b.w.e.tomcat.GracefulShutdown        : Graceful shutdown complete
2025-08-16T10:44:57.239+05:30  INFO 9420 --- [DOCTOR-SERVICE] [RMI TCP Connection(292)-127.0.0.1] [                                                 ] j.LocalContainerEntityManagerFactoryBean : Closing JPA EntityManagerFactory for persistence unit 'default'
2025-08-16T10:44:57.351+05:30  INFO 9420 --- [DOCTOR-SERVICE] [RMI TCP Connection(292)-127.0.0.1] [                                                 ] com.zaxxer.hikari.HikariDataSource       : HikariPool-3 - Shutdown initiated...
2025-08-16T10:44:57.409+05:30  INFO 9420 --- [DOCTOR-SERVICE] [RMI TCP Connection(292)-127.0.0.1] [                                                 ] com.zaxxer.hikari.HikariDataSource       : HikariPool-3 - Shutdown completed.
2025-08-16T10:44:57.928+05:30  INFO 9420 --- [DOCTOR-SERVICE] [RMI TCP Connection(292)-127.0.0.1] [                                                 ] com.netflix.discovery.DiscoveryClient    : Shutting down DiscoveryClient ...
2025-08-16T10:45:00.949+05:30  INFO 9420 --- [DOCTOR-SERVICE] [RMI TCP Connection(292)-127.0.0.1] [                                                 ] com.netflix.discovery.DiscoveryClient    : Unregistering ...
2025-08-16T10:45:00.980+05:30  INFO 9420 --- [DOCTOR-SERVICE] [RMI TCP Connection(292)-127.0.0.1] [                                                 ] com.netflix.discovery.DiscoveryClient    : DiscoveryClient_DOCTOR-SERVICE/KarthikPc:DOCTOR-SERVICE:8089 - deregister  status: 200
2025-08-16T10:45:00.983+05:30  INFO 9420 --- [DOCTOR-SERVICE] [RMI TCP Connection(292)-127.0.0.1] [                                                 ] com.netflix.discovery.DiscoveryClient    : Completed shut down of DiscoveryClient
